<?xml version="1.0" encoding="UTF-8"?>
<!-- Generated by org.testng.reporters.JUnitReportReporter -->
<testsuite hostname="STADAS01" failures="0" tests="3" name="cowin.SlotFinder" time="6.943" errors="0" timestamp="2021-05-12T17:47:51 IST" skipped="0">
  <testcase classname="cowin.SlotFinder" name="openChromeDriver" time="6.195"/>
  <system-out/>
  <testcase classname="cowin.SlotFinder" name="SearchByPincode" time="0.706"/>
  <system-out/>
  <testcase classname="cowin.SlotFinder" name="slotStatus" time="0.042"/>
  <system-out/>
</testsuite> <!-- cowin.SlotFinder -->
