<?xml version="1.0" encoding="UTF-8"?>
<!-- Generated by org.testng.reporters.JUnitReportReporter -->
<testsuite hostname="STADAS01" failures="0" tests="3" name="cowin.SlotFinder" time="5.228" errors="0" timestamp="12 May 2021 13:16:47 GMT">
  <testcase classname="cowin.SlotFinder" name="openChromeDriver" time="4.890"/>
  <testcase classname="cowin.SlotFinder" name="slotStatus" time="0.023"/>
  <testcase classname="cowin.SlotFinder" name="SearchByPincode" time="0.315"/>
</testsuite> <!-- cowin.SlotFinder -->
